{"/home/dalamkan/utg/nuxt-4-boilerplate-2026-02-27/server/routes/a/change-email.post.js": {"path":"/home/dalamkan/utg/nuxt-4-boilerplate-2026-02-27/server/routes/a/change-email.post.js","statementMap":{"0":{"start":{"line":40,"column":37},"end":{"line":47,"column":1}},"1":{"start":{"line":41,"column":2},"end":{"line":46,"column":null}},"2":{"start":{"line":50,"column":2},"end":{"line":115,"column":null}},"3":{"start":{"line":51,"column":17},"end":{"line":51,"column":56}},"4":{"start":{"line":53,"column":4},"end":{"line":59,"column":null}},"5":{"start":{"line":54,"column":5},"end":{"line":54,"column":null}},"6":{"start":{"line":56,"column":6},"end":{"line":58,"column":null}},"7":{"start":{"line":64,"column":8},"end":{"line":64,"column":29}},"8":{"start":{"line":66,"column":4},"end":{"line":66,"column":null}},"9":{"start":{"line":67,"column":4},"end":{"line":67,"column":null}},"10":{"start":{"line":69,"column":4},"end":{"line":79,"column":null}},"11":{"start":{"line":74,"column":5},"end":{"line":74,"column":null}},"12":{"start":{"line":76,"column":6},"end":{"line":78,"column":null}},"13":{"start":{"line":83,"column":8},"end":{"line":86,"column":5}},"14":{"start":{"line":88,"column":4},"end":{"line":94,"column":null}},"15":{"start":{"line":89,"column":5},"end":{"line":89,"column":null}},"16":{"start":{"line":91,"column":6},"end":{"line":93,"column":null}},"17":{"start":{"line":98,"column":8},"end":{"line":101,"column":5}},"18":{"start":{"line":103,"column":25},"end":{"line":103,"column":48}},"19":{"start":{"line":105,"column":4},"end":{"line":105,"column":null}},"20":{"start":{"line":107,"column":3},"end":{"line":107,"column":null}},"21":{"start":{"line":109,"column":4},"end":{"line":111,"column":null}}},"fnMap":{"0":{"name":"(anonymous_0)","decl":{"start":{"line":40,"column":37},"end":{"line":40,"column":42}},"loc":{"start":{"line":40,"column":79},"end":{"line":47,"column":1}},"line":40},"1":{"name":"(anonymous_1)","decl":{"start":{"line":49,"column":34},"end":{"line":49,"column":39}},"loc":{"start":{"line":49,"column":51},"end":{"line":116,"column":1}},"line":49}},"branchMap":{"0":{"loc":{"start":{"line":53,"column":4},"end":{"line":59,"column":null}},"type":"if","locations":[{"start":{"line":53,"column":4},"end":{"line":59,"column":null}},{"start":{},"end":{}}],"line":53},"1":{"loc":{"start":{"line":69,"column":4},"end":{"line":79,"column":null}},"type":"if","locations":[{"start":{"line":69,"column":4},"end":{"line":79,"column":null}},{"start":{},"end":{}}],"line":69},"2":{"loc":{"start":{"line":70,"column":6},"end":{"line":72,"column":null}},"type":"binary-expr","locations":[{"start":{"line":70,"column":6},"end":{"line":70,"column":null}},{"start":{"line":71,"column":9},"end":{"line":71,"column":null}},{"start":{"line":72,"column":9},"end":{"line":72,"column":null}}],"line":70},"3":{"loc":{"start":{"line":88,"column":4},"end":{"line":94,"column":null}},"type":"if","locations":[{"start":{"line":88,"column":4},"end":{"line":94,"column":null}},{"start":{},"end":{}}],"line":88}},"s":{"0":1,"1":1,"2":4,"3":4,"4":4,"5":1,"6":1,"7":3,"8":3,"9":4,"10":4,"11":1,"12":1,"13":2,"14":2,"15":1,"16":1,"17":1,"18":1,"19":1,"20":1,"21":1},"f":{"0":1,"1":4},"b":{"0":[1,3],"1":[1,3],"2":[4,3,2],"3":[1,1]},"meta":{"lastBranch":4,"lastFunction":2,"lastStatement":22,"seen":{"s:40:37:47:1":0,"f:40:37:40:42":0,"s:41:2:46:Infinity":1,"f:49:34:49:39":1,"s:50:2:115:Infinity":2,"s:51:17:51:56":3,"b:53:4:59:Infinity:undefined:undefined:undefined:undefined":0,"s:53:4:59:Infinity":4,"s:54:5:54:Infinity":5,"s:56:6:58:Infinity":6,"s:64:8:64:29":7,"s:66:4:66:Infinity":8,"s:67:4:67:Infinity":9,"b:69:4:79:Infinity:undefined:undefined:undefined:undefined":1,"s:69:4:79:Infinity":10,"b:70:6:70:Infinity:71:9:71:Infinity:72:9:72:Infinity":2,"s:74:5:74:Infinity":11,"s:76:6:78:Infinity":12,"s:83:8:86:5":13,"b:88:4:94:Infinity:undefined:undefined:undefined:undefined":3,"s:88:4:94:Infinity":14,"s:89:5:89:Infinity":15,"s:91:6:93:Infinity":16,"s:98:8:101:5":17,"s:103:25:103:48":18,"s:105:4:105:Infinity":19,"s:107:3:107:Infinity":20,"s:109:4:111:Infinity":21}}}
,"/home/dalamkan/utg/nuxt-4-boilerplate-2026-02-27/server/routes/a/change-password.post.js": {"path":"/home/dalamkan/utg/nuxt-4-boilerplate-2026-02-27/server/routes/a/change-password.post.js","statementMap":{"0":{"start":{"line":41,"column":19},"end":{"line":41,"column":21}},"1":{"start":{"line":43,"column":40},"end":{"line":49,"column":1}},"2":{"start":{"line":44,"column":2},"end":{"line":48,"column":null}},"3":{"start":{"line":52,"column":2},"end":{"line":141,"column":null}},"4":{"start":{"line":53,"column":17},"end":{"line":53,"column":56}},"5":{"start":{"line":55,"column":4},"end":{"line":61,"column":null}},"6":{"start":{"line":56,"column":5},"end":{"line":56,"column":null}},"7":{"start":{"line":58,"column":6},"end":{"line":60,"column":null}},"8":{"start":{"line":65,"column":8},"end":{"line":65,"column":29}},"9":{"start":{"line":71,"column":8},"end":{"line":71,"column":29}},"10":{"start":{"line":73,"column":4},"end":{"line":73,"column":null}},"11":{"start":{"line":74,"column":4},"end":{"line":74,"column":null}},"12":{"start":{"line":75,"column":4},"end":{"line":75,"column":null}},"13":{"start":{"line":77,"column":4},"end":{"line":83,"column":null}},"14":{"start":{"line":78,"column":5},"end":{"line":78,"column":null}},"15":{"start":{"line":80,"column":6},"end":{"line":82,"column":null}},"16":{"start":{"line":85,"column":4},"end":{"line":94,"column":null}},"17":{"start":{"line":89,"column":5},"end":{"line":89,"column":null}},"18":{"start":{"line":91,"column":6},"end":{"line":93,"column":null}},"19":{"start":{"line":96,"column":4},"end":{"line":102,"column":null}},"20":{"start":{"line":97,"column":5},"end":{"line":97,"column":null}},"21":{"start":{"line":99,"column":6},"end":{"line":101,"column":null}},"22":{"start":{"line":106,"column":8},"end":{"line":109,"column":5}},"23":{"start":{"line":111,"column":26},"end":{"line":111,"column":41}},"24":{"start":{"line":113,"column":27},"end":{"line":113,"column":89}},"25":{"start":{"line":115,"column":4},"end":{"line":121,"column":null}},"26":{"start":{"line":116,"column":5},"end":{"line":116,"column":null}},"27":{"start":{"line":118,"column":6},"end":{"line":120,"column":null}},"28":{"start":{"line":123,"column":17},"end":{"line":123,"column":49}},"29":{"start":{"line":124,"column":28},"end":{"line":124,"column":67}},"30":{"start":{"line":126,"column":4},"end":{"line":129,"column":null}},"31":{"start":{"line":131,"column":4},"end":{"line":131,"column":null}},"32":{"start":{"line":133,"column":3},"end":{"line":133,"column":null}},"33":{"start":{"line":135,"column":4},"end":{"line":137,"column":null}}},"fnMap":{"0":{"name":"(anonymous_0)","decl":{"start":{"line":43,"column":40},"end":{"line":43,"column":45}},"loc":{"start":{"line":43,"column":56},"end":{"line":49,"column":1}},"line":43},"1":{"name":"(anonymous_1)","decl":{"start":{"line":51,"column":34},"end":{"line":51,"column":39}},"loc":{"start":{"line":51,"column":51},"end":{"line":142,"column":1}},"line":51}},"branchMap":{"0":{"loc":{"start":{"line":55,"column":4},"end":{"line":61,"column":null}},"type":"if","locations":[{"start":{"line":55,"column":4},"end":{"line":61,"column":null}},{"start":{},"end":{}}],"line":55},"1":{"loc":{"start":{"line":77,"column":4},"end":{"line":83,"column":null}},"type":"if","locations":[{"start":{"line":77,"column":4},"end":{"line":83,"column":null}},{"start":{},"end":{}}],"line":77},"2":{"loc":{"start":{"line":85,"column":4},"end":{"line":94,"column":null}},"type":"if","locations":[{"start":{"line":85,"column":4},"end":{"line":94,"column":null}},{"start":{},"end":{}}],"line":85},"3":{"loc":{"start":{"line":86,"column":6},"end":{"line":87,"column":null}},"type":"binary-expr","locations":[{"start":{"line":86,"column":6},"end":{"line":86,"column":null}},{"start":{"line":87,"column":9},"end":{"line":87,"column":null}}],"line":86},"4":{"loc":{"start":{"line":96,"column":4},"end":{"line":102,"column":null}},"type":"if","locations":[{"start":{"line":96,"column":4},"end":{"line":102,"column":null}},{"start":{},"end":{}}],"line":96},"5":{"loc":{"start":{"line":115,"column":4},"end":{"line":121,"column":null}},"type":"if","locations":[{"start":{"line":115,"column":4},"end":{"line":121,"column":null}},{"start":{},"end":{}}],"line":115}},"s":{"0":1,"1":1,"2":1,"3":6,"4":6,"5":6,"6":1,"7":1,"8":5,"9":5,"10":5,"11":6,"12":6,"13":6,"14":1,"15":1,"16":4,"17":1,"18":1,"19":3,"20":1,"21":1,"22":2,"23":2,"24":2,"25":2,"26":1,"27":1,"28":1,"29":1,"30":1,"31":1,"32":1,"33":1},"f":{"0":1,"1":6},"b":{"0":[1,5],"1":[1,5],"2":[1,3],"3":[4,4],"4":[1,2],"5":[1,1]},"meta":{"lastBranch":6,"lastFunction":2,"lastStatement":34,"seen":{"s:41:19:41:21":0,"s:43:40:49:1":1,"f:43:40:43:45":0,"s:44:2:48:Infinity":2,"f:51:34:51:39":1,"s:52:2:141:Infinity":3,"s:53:17:53:56":4,"b:55:4:61:Infinity:undefined:undefined:undefined:undefined":0,"s:55:4:61:Infinity":5,"s:56:5:56:Infinity":6,"s:58:6:60:Infinity":7,"s:65:8:65:29":8,"s:71:8:71:29":9,"s:73:4:73:Infinity":10,"s:74:4:74:Infinity":11,"s:75:4:75:Infinity":12,"b:77:4:83:Infinity:undefined:undefined:undefined:undefined":1,"s:77:4:83:Infinity":13,"s:78:5:78:Infinity":14,"s:80:6:82:Infinity":15,"b:85:4:94:Infinity:undefined:undefined:undefined:undefined":2,"s:85:4:94:Infinity":16,"b:86:6:86:Infinity:87:9:87:Infinity":3,"s:89:5:89:Infinity":17,"s:91:6:93:Infinity":18,"b:96:4:102:Infinity:undefined:undefined:undefined:undefined":4,"s:96:4:102:Infinity":19,"s:97:5:97:Infinity":20,"s:99:6:101:Infinity":21,"s:106:8:109:5":22,"s:111:26:111:41":23,"s:113:27:113:89":24,"b:115:4:121:Infinity:undefined:undefined:undefined:undefined":5,"s:115:4:121:Infinity":25,"s:116:5:116:Infinity":26,"s:118:6:120:Infinity":27,"s:123:17:123:49":28,"s:124:28:124:67":29,"s:126:4:129:Infinity":30,"s:131:4:131:Infinity":31,"s:133:3:133:Infinity":32,"s:135:4:137:Infinity":33}}}
,"/home/dalamkan/utg/nuxt-4-boilerplate-2026-02-27/server/routes/a/log-in.post.js": {"path":"/home/dalamkan/utg/nuxt-4-boilerplate-2026-02-27/server/routes/a/log-in.post.js","statementMap":{"0":{"start":{"line":40,"column":2},"end":{"line":137,"column":null}},"1":{"start":{"line":44,"column":8},"end":{"line":44,"column":29}},"2":{"start":{"line":46,"column":4},"end":{"line":46,"column":null}},"3":{"start":{"line":47,"column":4},"end":{"line":47,"column":null}},"4":{"start":{"line":49,"column":4},"end":{"line":58,"column":null}},"5":{"start":{"line":53,"column":5},"end":{"line":53,"column":null}},"6":{"start":{"line":55,"column":6},"end":{"line":57,"column":null}},"7":{"start":{"line":60,"column":4},"end":{"line":68,"column":null}},"8":{"start":{"line":63,"column":5},"end":{"line":63,"column":null}},"9":{"start":{"line":65,"column":6},"end":{"line":67,"column":null}},"10":{"start":{"line":72,"column":8},"end":{"line":75,"column":5}},"11":{"start":{"line":77,"column":4},"end":{"line":83,"column":null}},"12":{"start":{"line":78,"column":5},"end":{"line":78,"column":null}},"13":{"start":{"line":80,"column":6},"end":{"line":82,"column":null}},"14":{"start":{"line":85,"column":17},"end":{"line":85,"column":32}},"15":{"start":{"line":87,"column":4},"end":{"line":93,"column":null}},"16":{"start":{"line":88,"column":5},"end":{"line":88,"column":null}},"17":{"start":{"line":90,"column":6},"end":{"line":92,"column":null}},"18":{"start":{"line":95,"column":27},"end":{"line":95,"column":72}},"19":{"start":{"line":97,"column":4},"end":{"line":103,"column":null}},"20":{"start":{"line":98,"column":5},"end":{"line":98,"column":null}},"21":{"start":{"line":100,"column":6},"end":{"line":102,"column":null}},"22":{"start":{"line":105,"column":25},"end":{"line":105,"column":34}},"23":{"start":{"line":106,"column":33},"end":{"line":106,"column":80}},"24":{"start":{"line":108,"column":41},"end":{"line":113,"column":5}},"25":{"start":{"line":115,"column":4},"end":{"line":118,"column":null}},"26":{"start":{"line":120,"column":4},"end":{"line":127,"column":null}},"27":{"start":{"line":129,"column":3},"end":{"line":129,"column":null}},"28":{"start":{"line":131,"column":4},"end":{"line":133,"column":null}}},"fnMap":{"0":{"name":"(anonymous_0)","decl":{"start":{"line":39,"column":34},"end":{"line":39,"column":39}},"loc":{"start":{"line":39,"column":51},"end":{"line":138,"column":1}},"line":39}},"branchMap":{"0":{"loc":{"start":{"line":49,"column":4},"end":{"line":58,"column":null}},"type":"if","locations":[{"start":{"line":49,"column":4},"end":{"line":58,"column":null}},{"start":{},"end":{}}],"line":49},"1":{"loc":{"start":{"line":50,"column":6},"end":{"line":51,"column":null}},"type":"binary-expr","locations":[{"start":{"line":50,"column":6},"end":{"line":50,"column":null}},{"start":{"line":51,"column":9},"end":{"line":51,"column":null}}],"line":50},"2":{"loc":{"start":{"line":60,"column":4},"end":{"line":68,"column":null}},"type":"if","locations":[{"start":{"line":60,"column":4},"end":{"line":68,"column":null}},{"start":{},"end":{}}],"line":60},"3":{"loc":{"start":{"line":77,"column":4},"end":{"line":83,"column":null}},"type":"if","locations":[{"start":{"line":77,"column":4},"end":{"line":83,"column":null}},{"start":{},"end":{}}],"line":77},"4":{"loc":{"start":{"line":87,"column":4},"end":{"line":93,"column":null}},"type":"if","locations":[{"start":{"line":87,"column":4},"end":{"line":93,"column":null}},{"start":{},"end":{}}],"line":87},"5":{"loc":{"start":{"line":97,"column":4},"end":{"line":103,"column":null}},"type":"if","locations":[{"start":{"line":97,"column":4},"end":{"line":103,"column":null}},{"start":{},"end":{}}],"line":97}},"s":{"0":6,"1":6,"2":6,"3":6,"4":6,"5":1,"6":1,"7":5,"8":1,"9":1,"10":4,"11":4,"12":1,"13":1,"14":3,"15":3,"16":1,"17":1,"18":2,"19":2,"20":1,"21":1,"22":1,"23":1,"24":1,"25":1,"26":1,"27":1,"28":1},"f":{"0":6},"b":{"0":[1,5],"1":[6,6],"2":[1,4],"3":[1,3],"4":[1,2],"5":[1,1]},"meta":{"lastBranch":6,"lastFunction":1,"lastStatement":29,"seen":{"f:39:34:39:39":0,"s:40:2:137:Infinity":0,"s:44:8:44:29":1,"s:46:4:46:Infinity":2,"s:47:4:47:Infinity":3,"b:49:4:58:Infinity:undefined:undefined:undefined:undefined":0,"s:49:4:58:Infinity":4,"b:50:6:50:Infinity:51:9:51:Infinity":1,"s:53:5:53:Infinity":5,"s:55:6:57:Infinity":6,"b:60:4:68:Infinity:undefined:undefined:undefined:undefined":2,"s:60:4:68:Infinity":7,"s:63:5:63:Infinity":8,"s:65:6:67:Infinity":9,"s:72:8:75:5":10,"b:77:4:83:Infinity:undefined:undefined:undefined:undefined":3,"s:77:4:83:Infinity":11,"s:78:5:78:Infinity":12,"s:80:6:82:Infinity":13,"s:85:17:85:32":14,"b:87:4:93:Infinity:undefined:undefined:undefined:undefined":4,"s:87:4:93:Infinity":15,"s:88:5:88:Infinity":16,"s:90:6:92:Infinity":17,"s:95:27:95:72":18,"b:97:4:103:Infinity:undefined:undefined:undefined:undefined":5,"s:97:4:103:Infinity":19,"s:98:5:98:Infinity":20,"s:100:6:102:Infinity":21,"s:105:25:105:34":22,"s:106:33:106:80":23,"s:108:41:113:5":24,"s:115:4:118:Infinity":25,"s:120:4:127:Infinity":26,"s:129:3:129:Infinity":27,"s:131:4:133:Infinity":28}}}
,"/home/dalamkan/utg/nuxt-4-boilerplate-2026-02-27/server/routes/a/log-out.post.js": {"path":"/home/dalamkan/utg/nuxt-4-boilerplate-2026-02-27/server/routes/a/log-out.post.js","statementMap":{"0":{"start":{"line":21,"column":2},"end":{"line":41,"column":null}},"1":{"start":{"line":22,"column":20},"end":{"line":22,"column":47}},"2":{"start":{"line":24,"column":4},"end":{"line":29,"column":null}},"3":{"start":{"line":25,"column":6},"end":{"line":28,"column":null}},"4":{"start":{"line":31,"column":4},"end":{"line":31,"column":null}},"5":{"start":{"line":33,"column":3},"end":{"line":33,"column":null}},"6":{"start":{"line":35,"column":4},"end":{"line":37,"column":null}}},"fnMap":{"0":{"name":"(anonymous_0)","decl":{"start":{"line":20,"column":34},"end":{"line":20,"column":39}},"loc":{"start":{"line":20,"column":51},"end":{"line":42,"column":1}},"line":20}},"branchMap":{"0":{"loc":{"start":{"line":24,"column":4},"end":{"line":29,"column":null}},"type":"if","locations":[{"start":{"line":24,"column":4},"end":{"line":29,"column":null}},{"start":{},"end":{}}],"line":24}},"s":{"0":2,"1":2,"2":2,"3":1,"4":2,"5":2,"6":2},"f":{"0":2},"b":{"0":[1,1]},"meta":{"lastBranch":1,"lastFunction":1,"lastStatement":7,"seen":{"f:20:34:20:39":0,"s:21:2:41:Infinity":0,"s:22:20:22:47":1,"b:24:4:29:Infinity:undefined:undefined:undefined:undefined":0,"s:24:4:29:Infinity":2,"s:25:6:28:Infinity":3,"s:31:4:31:Infinity":4,"s:33:3:33:Infinity":5,"s:35:4:37:Infinity":6}}}
,"/home/dalamkan/utg/nuxt-4-boilerplate-2026-02-27/server/routes/a/reset-password.post.js": {"path":"/home/dalamkan/utg/nuxt-4-boilerplate-2026-02-27/server/routes/a/reset-password.post.js","statementMap":{"0":{"start":{"line":40,"column":19},"end":{"line":40,"column":21}},"1":{"start":{"line":42,"column":39},"end":{"line":48,"column":1}},"2":{"start":{"line":43,"column":2},"end":{"line":47,"column":null}},"3":{"start":{"line":51,"column":2},"end":{"line":131,"column":null}},"4":{"start":{"line":55,"column":8},"end":{"line":55,"column":29}},"5":{"start":{"line":60,"column":8},"end":{"line":60,"column":29}},"6":{"start":{"line":62,"column":4},"end":{"line":62,"column":null}},"7":{"start":{"line":63,"column":4},"end":{"line":63,"column":null}},"8":{"start":{"line":65,"column":4},"end":{"line":74,"column":null}},"9":{"start":{"line":69,"column":5},"end":{"line":69,"column":null}},"10":{"start":{"line":71,"column":6},"end":{"line":73,"column":null}},"11":{"start":{"line":76,"column":4},"end":{"line":82,"column":null}},"12":{"start":{"line":77,"column":5},"end":{"line":77,"column":null}},"13":{"start":{"line":79,"column":6},"end":{"line":81,"column":null}},"14":{"start":{"line":84,"column":4},"end":{"line":93,"column":null}},"15":{"start":{"line":88,"column":5},"end":{"line":88,"column":null}},"16":{"start":{"line":90,"column":6},"end":{"line":92,"column":null}},"17":{"start":{"line":95,"column":17},"end":{"line":95,"column":49}},"18":{"start":{"line":96,"column":28},"end":{"line":96,"column":63}},"19":{"start":{"line":98,"column":4},"end":{"line":103,"column":null}},"20":{"start":{"line":105,"column":4},"end":{"line":110,"column":null}},"21":{"start":{"line":114,"column":8},"end":{"line":117,"column":5}},"22":{"start":{"line":119,"column":17},"end":{"line":119,"column":32}},"23":{"start":{"line":121,"column":4},"end":{"line":121,"column":null}},"24":{"start":{"line":123,"column":3},"end":{"line":123,"column":null}},"25":{"start":{"line":125,"column":4},"end":{"line":127,"column":null}}},"fnMap":{"0":{"name":"(anonymous_0)","decl":{"start":{"line":42,"column":39},"end":{"line":42,"column":44}},"loc":{"start":{"line":42,"column":55},"end":{"line":48,"column":1}},"line":42},"1":{"name":"(anonymous_1)","decl":{"start":{"line":50,"column":34},"end":{"line":50,"column":39}},"loc":{"start":{"line":50,"column":51},"end":{"line":132,"column":1}},"line":50}},"branchMap":{"0":{"loc":{"start":{"line":65,"column":4},"end":{"line":74,"column":null}},"type":"if","locations":[{"start":{"line":65,"column":4},"end":{"line":74,"column":null}},{"start":{},"end":{}}],"line":65},"1":{"loc":{"start":{"line":66,"column":6},"end":{"line":67,"column":null}},"type":"binary-expr","locations":[{"start":{"line":66,"column":6},"end":{"line":66,"column":null}},{"start":{"line":67,"column":9},"end":{"line":67,"column":null}}],"line":66},"2":{"loc":{"start":{"line":76,"column":4},"end":{"line":82,"column":null}},"type":"if","locations":[{"start":{"line":76,"column":4},"end":{"line":82,"column":null}},{"start":{},"end":{}}],"line":76},"3":{"loc":{"start":{"line":76,"column":8},"end":{"line":76,"column":38}},"type":"binary-expr","locations":[{"start":{"line":76,"column":8},"end":{"line":76,"column":14}},{"start":{"line":76,"column":18},"end":{"line":76,"column":38}}],"line":76},"4":{"loc":{"start":{"line":84,"column":4},"end":{"line":93,"column":null}},"type":"if","locations":[{"start":{"line":84,"column":4},"end":{"line":93,"column":null}},{"start":{},"end":{}}],"line":84},"5":{"loc":{"start":{"line":85,"column":6},"end":{"line":86,"column":null}},"type":"binary-expr","locations":[{"start":{"line":85,"column":6},"end":{"line":85,"column":null}},{"start":{"line":86,"column":9},"end":{"line":86,"column":null}}],"line":85}},"s":{"0":1,"1":1,"2":1,"3":4,"4":4,"5":4,"6":4,"7":4,"8":4,"9":1,"10":1,"11":3,"12":1,"13":1,"14":2,"15":1,"16":1,"17":1,"18":1,"19":1,"20":1,"21":1,"22":1,"23":1,"24":1,"25":1},"f":{"0":1,"1":4},"b":{"0":[1,3],"1":[4,4],"2":[1,2],"3":[3,3],"4":[1,1],"5":[2,2]},"meta":{"lastBranch":6,"lastFunction":2,"lastStatement":26,"seen":{"s:40:19:40:21":0,"s:42:39:48:1":1,"f:42:39:42:44":0,"s:43:2:47:Infinity":2,"f:50:34:50:39":1,"s:51:2:131:Infinity":3,"s:55:8:55:29":4,"s:60:8:60:29":5,"s:62:4:62:Infinity":6,"s:63:4:63:Infinity":7,"b:65:4:74:Infinity:undefined:undefined:undefined:undefined":0,"s:65:4:74:Infinity":8,"b:66:6:66:Infinity:67:9:67:Infinity":1,"s:69:5:69:Infinity":9,"s:71:6:73:Infinity":10,"b:76:4:82:Infinity:undefined:undefined:undefined:undefined":2,"s:76:4:82:Infinity":11,"b:76:8:76:14:76:18:76:38":3,"s:77:5:77:Infinity":12,"s:79:6:81:Infinity":13,"b:84:4:93:Infinity:undefined:undefined:undefined:undefined":4,"s:84:4:93:Infinity":14,"b:85:6:85:Infinity:86:9:86:Infinity":5,"s:88:5:88:Infinity":15,"s:90:6:92:Infinity":16,"s:95:17:95:49":17,"s:96:28:96:63":18,"s:98:4:103:Infinity":19,"s:105:4:110:Infinity":20,"s:114:8:117:5":21,"s:119:17:119:32":22,"s:121:4:121:Infinity":23,"s:123:3:123:Infinity":24,"s:125:4:127:Infinity":25}}}
,"/home/dalamkan/utg/nuxt-4-boilerplate-2026-02-27/server/routes/a/send-token-to-reset-password.post.js": {"path":"/home/dalamkan/utg/nuxt-4-boilerplate-2026-02-27/server/routes/a/send-token-to-reset-password.post.js","statementMap":{"0":{"start":{"line":48,"column":38},"end":{"line":53,"column":10}},"1":{"start":{"line":48,"column":44},"end":{"line":53,"column":10}},"2":{"start":{"line":55,"column":33},"end":{"line":74,"column":1}},"3":{"start":{"line":56,"column":14},"end":{"line":56,"column":23}},"4":{"start":{"line":58,"column":2},"end":{"line":66,"column":null}},"5":{"start":{"line":68,"column":2},"end":{"line":73,"column":null}},"6":{"start":{"line":77,"column":2},"end":{"line":162,"column":null}},"7":{"start":{"line":80,"column":8},"end":{"line":80,"column":29}},"8":{"start":{"line":82,"column":4},"end":{"line":82,"column":null}},"9":{"start":{"line":84,"column":4},"end":{"line":93,"column":null}},"10":{"start":{"line":88,"column":5},"end":{"line":88,"column":null}},"11":{"start":{"line":90,"column":6},"end":{"line":92,"column":null}},"12":{"start":{"line":97,"column":8},"end":{"line":100,"column":5}},"13":{"start":{"line":102,"column":4},"end":{"line":108,"column":null}},"14":{"start":{"line":103,"column":5},"end":{"line":103,"column":null}},"15":{"start":{"line":105,"column":6},"end":{"line":107,"column":null}},"16":{"start":{"line":110,"column":17},"end":{"line":110,"column":32}},"17":{"start":{"line":114,"column":8},"end":{"line":124,"column":5}},"18":{"start":{"line":126,"column":4},"end":{"line":132,"column":null}},"19":{"start":{"line":127,"column":5},"end":{"line":127,"column":null}},"20":{"start":{"line":129,"column":6},"end":{"line":131,"column":null}},"21":{"start":{"line":136,"column":8},"end":{"line":144,"column":5}},"22":{"start":{"line":146,"column":4},"end":{"line":152,"column":null}},"23":{"start":{"line":147,"column":5},"end":{"line":147,"column":null}},"24":{"start":{"line":149,"column":6},"end":{"line":151,"column":null}},"25":{"start":{"line":154,"column":4},"end":{"line":154,"column":null}},"26":{"start":{"line":156,"column":3},"end":{"line":156,"column":null}},"27":{"start":{"line":158,"column":4},"end":{"line":158,"column":null}}},"fnMap":{"0":{"name":"(anonymous_0)","decl":{"start":{"line":48,"column":38},"end":{"line":48,"column":39}},"loc":{"start":{"line":48,"column":44},"end":{"line":53,"column":10}},"line":48},"1":{"name":"(anonymous_1)","decl":{"start":{"line":55,"column":33},"end":{"line":55,"column":38}},"loc":{"start":{"line":55,"column":60},"end":{"line":74,"column":1}},"line":55},"2":{"name":"(anonymous_2)","decl":{"start":{"line":76,"column":34},"end":{"line":76,"column":39}},"loc":{"start":{"line":76,"column":51},"end":{"line":163,"column":1}},"line":76}},"branchMap":{"0":{"loc":{"start":{"line":84,"column":4},"end":{"line":93,"column":null}},"type":"if","locations":[{"start":{"line":84,"column":4},"end":{"line":93,"column":null}},{"start":{},"end":{}}],"line":84},"1":{"loc":{"start":{"line":85,"column":6},"end":{"line":86,"column":null}},"type":"binary-expr","locations":[{"start":{"line":85,"column":6},"end":{"line":85,"column":null}},{"start":{"line":86,"column":9},"end":{"line":86,"column":null}}],"line":85},"2":{"loc":{"start":{"line":102,"column":4},"end":{"line":108,"column":null}},"type":"if","locations":[{"start":{"line":102,"column":4},"end":{"line":108,"column":null}},{"start":{},"end":{}}],"line":102},"3":{"loc":{"start":{"line":126,"column":4},"end":{"line":132,"column":null}},"type":"if","locations":[{"start":{"line":126,"column":4},"end":{"line":132,"column":null}},{"start":{},"end":{}}],"line":126},"4":{"loc":{"start":{"line":146,"column":4},"end":{"line":152,"column":null}},"type":"if","locations":[{"start":{"line":146,"column":4},"end":{"line":152,"column":null}},{"start":{},"end":{}}],"line":146}},"s":{"0":1,"1":5,"2":1,"3":1,"4":1,"5":1,"6":5,"7":5,"8":5,"9":5,"10":1,"11":1,"12":4,"13":4,"14":1,"15":1,"16":3,"17":3,"18":3,"19":1,"20":1,"21":2,"22":2,"23":1,"24":1,"25":1,"26":1,"27":1},"f":{"0":5,"1":1,"2":5},"b":{"0":[1,4],"1":[5,5],"2":[1,3],"3":[1,2],"4":[1,1]},"meta":{"lastBranch":5,"lastFunction":3,"lastStatement":28,"seen":{"s:48:38:53:10":0,"f:48:38:48:39":0,"s:48:44:53:10":1,"s:55:33:74:1":2,"f:55:33:55:38":1,"s:56:14:56:23":3,"s:58:2:66:Infinity":4,"s:68:2:73:Infinity":5,"f:76:34:76:39":2,"s:77:2:162:Infinity":6,"s:80:8:80:29":7,"s:82:4:82:Infinity":8,"b:84:4:93:Infinity:undefined:undefined:undefined:undefined":0,"s:84:4:93:Infinity":9,"b:85:6:85:Infinity:86:9:86:Infinity":1,"s:88:5:88:Infinity":10,"s:90:6:92:Infinity":11,"s:97:8:100:5":12,"b:102:4:108:Infinity:undefined:undefined:undefined:undefined":2,"s:102:4:108:Infinity":13,"s:103:5:103:Infinity":14,"s:105:6:107:Infinity":15,"s:110:17:110:32":16,"s:114:8:124:5":17,"b:126:4:132:Infinity:undefined:undefined:undefined:undefined":3,"s:126:4:132:Infinity":18,"s:127:5:127:Infinity":19,"s:129:6:131:Infinity":20,"s:136:8:144:5":21,"b:146:4:152:Infinity:undefined:undefined:undefined:undefined":4,"s:146:4:152:Infinity":22,"s:147:5:147:Infinity":23,"s:149:6:151:Infinity":24,"s:154:4:154:Infinity":25,"s:156:3:156:Infinity":26,"s:158:4:158:Infinity":27}}}
,"/home/dalamkan/utg/nuxt-4-boilerplate-2026-02-27/server/routes/a/send-token-to-validate-email.post.js": {"path":"/home/dalamkan/utg/nuxt-4-boilerplate-2026-02-27/server/routes/a/send-token-to-validate-email.post.js","statementMap":{"0":{"start":{"line":57,"column":38},"end":{"line":62,"column":10}},"1":{"start":{"line":57,"column":44},"end":{"line":62,"column":10}},"2":{"start":{"line":64,"column":33},"end":{"line":83,"column":1}},"3":{"start":{"line":65,"column":14},"end":{"line":65,"column":23}},"4":{"start":{"line":67,"column":2},"end":{"line":75,"column":null}},"5":{"start":{"line":77,"column":2},"end":{"line":82,"column":null}},"6":{"start":{"line":86,"column":2},"end":{"line":200,"column":null}},"7":{"start":{"line":89,"column":8},"end":{"line":89,"column":29}},"8":{"start":{"line":91,"column":4},"end":{"line":91,"column":null}},"9":{"start":{"line":93,"column":21},"end":{"line":93,"column":41}},"10":{"start":{"line":95,"column":4},"end":{"line":104,"column":null}},"11":{"start":{"line":99,"column":5},"end":{"line":99,"column":null}},"12":{"start":{"line":101,"column":6},"end":{"line":103,"column":null}},"13":{"start":{"line":108,"column":8},"end":{"line":111,"column":5}},"14":{"start":{"line":113,"column":4},"end":{"line":171,"column":null}},"15":{"start":{"line":114,"column":19},"end":{"line":114,"column":34}},"16":{"start":{"line":116,"column":6},"end":{"line":122,"column":null}},"17":{"start":{"line":117,"column":7},"end":{"line":117,"column":null}},"18":{"start":{"line":119,"column":8},"end":{"line":121,"column":null}},"19":{"start":{"line":126,"column":10},"end":{"line":136,"column":7}},"20":{"start":{"line":138,"column":6},"end":{"line":144,"column":null}},"21":{"start":{"line":139,"column":7},"end":{"line":139,"column":null}},"22":{"start":{"line":141,"column":8},"end":{"line":143,"column":null}},"23":{"start":{"line":148,"column":10},"end":{"line":156,"column":7}},"24":{"start":{"line":158,"column":6},"end":{"line":164,"column":null}},"25":{"start":{"line":159,"column":8},"end":{"line":159,"column":null}},"26":{"start":{"line":161,"column":7},"end":{"line":161,"column":null}},"27":{"start":{"line":163,"column":8},"end":{"line":163,"column":null}},"28":{"start":{"line":166,"column":5},"end":{"line":166,"column":null}},"29":{"start":{"line":168,"column":6},"end":{"line":170,"column":null}},"30":{"start":{"line":173,"column":30},"end":{"line":173,"column":54}},"31":{"start":{"line":175,"column":4},"end":{"line":181,"column":null}},"32":{"start":{"line":176,"column":5},"end":{"line":176,"column":null}},"33":{"start":{"line":178,"column":6},"end":{"line":180,"column":null}},"34":{"start":{"line":185,"column":8},"end":{"line":188,"column":5}},"35":{"start":{"line":190,"column":21},"end":{"line":190,"column":40}},"36":{"start":{"line":192,"column":4},"end":{"line":192,"column":null}},"37":{"start":{"line":194,"column":3},"end":{"line":194,"column":null}},"38":{"start":{"line":196,"column":4},"end":{"line":196,"column":null}}},"fnMap":{"0":{"name":"(anonymous_0)","decl":{"start":{"line":57,"column":38},"end":{"line":57,"column":39}},"loc":{"start":{"line":57,"column":44},"end":{"line":62,"column":10}},"line":57},"1":{"name":"(anonymous_1)","decl":{"start":{"line":64,"column":33},"end":{"line":64,"column":38}},"loc":{"start":{"line":64,"column":60},"end":{"line":83,"column":1}},"line":64},"2":{"name":"(anonymous_2)","decl":{"start":{"line":85,"column":34},"end":{"line":85,"column":39}},"loc":{"start":{"line":85,"column":51},"end":{"line":201,"column":1}},"line":85}},"branchMap":{"0":{"loc":{"start":{"line":95,"column":4},"end":{"line":104,"column":null}},"type":"if","locations":[{"start":{"line":95,"column":4},"end":{"line":104,"column":null}},{"start":{},"end":{}}],"line":95},"1":{"loc":{"start":{"line":96,"column":6},"end":{"line":97,"column":null}},"type":"binary-expr","locations":[{"start":{"line":96,"column":6},"end":{"line":96,"column":null}},{"start":{"line":97,"column":9},"end":{"line":97,"column":null}}],"line":96},"2":{"loc":{"start":{"line":113,"column":4},"end":{"line":171,"column":null}},"type":"if","locations":[{"start":{"line":113,"column":4},"end":{"line":171,"column":null}},{"start":{},"end":{}}],"line":113},"3":{"loc":{"start":{"line":116,"column":6},"end":{"line":122,"column":null}},"type":"if","locations":[{"start":{"line":116,"column":6},"end":{"line":122,"column":null}},{"start":{},"end":{}}],"line":116},"4":{"loc":{"start":{"line":138,"column":6},"end":{"line":144,"column":null}},"type":"if","locations":[{"start":{"line":138,"column":6},"end":{"line":144,"column":null}},{"start":{},"end":{}}],"line":138},"5":{"loc":{"start":{"line":158,"column":6},"end":{"line":164,"column":null}},"type":"if","locations":[{"start":{"line":158,"column":6},"end":{"line":164,"column":null}},{"start":{},"end":{}}],"line":158},"6":{"loc":{"start":{"line":175,"column":4},"end":{"line":181,"column":null}},"type":"if","locations":[{"start":{"line":175,"column":4},"end":{"line":181,"column":null}},{"start":{},"end":{}}],"line":175}},"s":{"0":1,"1":5,"2":1,"3":2,"4":2,"5":2,"6":7,"7":7,"8":7,"9":7,"10":7,"11":1,"12":1,"13":6,"14":6,"15":4,"16":4,"17":1,"18":1,"19":3,"20":3,"21":1,"22":1,"23":2,"24":2,"25":1,"26":1,"27":1,"28":1,"29":1,"30":2,"31":2,"32":1,"33":1,"34":1,"35":1,"36":1,"37":1,"38":1},"f":{"0":5,"1":2,"2":7},"b":{"0":[1,6],"1":[7,7],"2":[4,2],"3":[1,3],"4":[1,2],"5":[1,1],"6":[1,1]},"meta":{"lastBranch":7,"lastFunction":3,"lastStatement":39,"seen":{"s:57:38:62:10":0,"f:57:38:57:39":0,"s:57:44:62:10":1,"s:64:33:83:1":2,"f:64:33:64:38":1,"s:65:14:65:23":3,"s:67:2:75:Infinity":4,"s:77:2:82:Infinity":5,"f:85:34:85:39":2,"s:86:2:200:Infinity":6,"s:89:8:89:29":7,"s:91:4:91:Infinity":8,"s:93:21:93:41":9,"b:95:4:104:Infinity:undefined:undefined:undefined:undefined":0,"s:95:4:104:Infinity":10,"b:96:6:96:Infinity:97:9:97:Infinity":1,"s:99:5:99:Infinity":11,"s:101:6:103:Infinity":12,"s:108:8:111:5":13,"b:113:4:171:Infinity:undefined:undefined:undefined:undefined":2,"s:113:4:171:Infinity":14,"s:114:19:114:34":15,"b:116:6:122:Infinity:undefined:undefined:undefined:undefined":3,"s:116:6:122:Infinity":16,"s:117:7:117:Infinity":17,"s:119:8:121:Infinity":18,"s:126:10:136:7":19,"b:138:6:144:Infinity:undefined:undefined:undefined:undefined":4,"s:138:6:144:Infinity":20,"s:139:7:139:Infinity":21,"s:141:8:143:Infinity":22,"s:148:10:156:7":23,"b:158:6:164:Infinity:undefined:undefined:undefined:undefined":5,"s:158:6:164:Infinity":24,"s:159:8:159:Infinity":25,"s:161:7:161:Infinity":26,"s:163:8:163:Infinity":27,"s:166:5:166:Infinity":28,"s:168:6:170:Infinity":29,"s:173:30:173:54":30,"b:175:4:181:Infinity:undefined:undefined:undefined:undefined":6,"s:175:4:181:Infinity":31,"s:176:5:176:Infinity":32,"s:178:6:180:Infinity":33,"s:185:8:188:5":34,"s:190:21:190:40":35,"s:192:4:192:Infinity":36,"s:194:3:194:Infinity":37,"s:196:4:196:Infinity":38}}}
,"/home/dalamkan/utg/nuxt-4-boilerplate-2026-02-27/server/routes/a/sign-up.post.js": {"path":"/home/dalamkan/utg/nuxt-4-boilerplate-2026-02-27/server/routes/a/sign-up.post.js","statementMap":{"0":{"start":{"line":44,"column":19},"end":{"line":44,"column":21}},"1":{"start":{"line":47,"column":2},"end":{"line":168,"column":null}},"2":{"start":{"line":52,"column":8},"end":{"line":52,"column":29}},"3":{"start":{"line":56,"column":8},"end":{"line":56,"column":29}},"4":{"start":{"line":58,"column":4},"end":{"line":58,"column":null}},"5":{"start":{"line":59,"column":4},"end":{"line":59,"column":null}},"6":{"start":{"line":60,"column":4},"end":{"line":60,"column":null}},"7":{"start":{"line":62,"column":4},"end":{"line":71,"column":null}},"8":{"start":{"line":66,"column":5},"end":{"line":66,"column":null}},"9":{"start":{"line":68,"column":6},"end":{"line":70,"column":null}},"10":{"start":{"line":73,"column":4},"end":{"line":82,"column":null}},"11":{"start":{"line":77,"column":5},"end":{"line":77,"column":null}},"12":{"start":{"line":79,"column":6},"end":{"line":81,"column":null}},"13":{"start":{"line":86,"column":8},"end":{"line":89,"column":5}},"14":{"start":{"line":91,"column":4},"end":{"line":97,"column":null}},"15":{"start":{"line":92,"column":5},"end":{"line":92,"column":null}},"16":{"start":{"line":94,"column":6},"end":{"line":96,"column":null}},"17":{"start":{"line":99,"column":17},"end":{"line":99,"column":49}},"18":{"start":{"line":100,"column":28},"end":{"line":100,"column":63}},"19":{"start":{"line":104,"column":8},"end":{"line":114,"column":5}},"20":{"start":{"line":116,"column":25},"end":{"line":116,"column":48}},"21":{"start":{"line":118,"column":25},"end":{"line":118,"column":34}},"22":{"start":{"line":119,"column":33},"end":{"line":119,"column":80}},"23":{"start":{"line":121,"column":41},"end":{"line":126,"column":5}},"24":{"start":{"line":128,"column":4},"end":{"line":131,"column":null}},"25":{"start":{"line":133,"column":4},"end":{"line":138,"column":null}},"26":{"start":{"line":140,"column":4},"end":{"line":147,"column":null}},"27":{"start":{"line":149,"column":3},"end":{"line":158,"column":null}},"28":{"start":{"line":160,"column":3},"end":{"line":160,"column":null}},"29":{"start":{"line":162,"column":4},"end":{"line":164,"column":null}}},"fnMap":{"0":{"name":"(anonymous_0)","decl":{"start":{"line":46,"column":34},"end":{"line":46,"column":39}},"loc":{"start":{"line":46,"column":51},"end":{"line":169,"column":1}},"line":46}},"branchMap":{"0":{"loc":{"start":{"line":62,"column":4},"end":{"line":71,"column":null}},"type":"if","locations":[{"start":{"line":62,"column":4},"end":{"line":71,"column":null}},{"start":{},"end":{}}],"line":62},"1":{"loc":{"start":{"line":63,"column":6},"end":{"line":64,"column":null}},"type":"binary-expr","locations":[{"start":{"line":63,"column":6},"end":{"line":63,"column":null}},{"start":{"line":64,"column":9},"end":{"line":64,"column":null}}],"line":63},"2":{"loc":{"start":{"line":73,"column":4},"end":{"line":82,"column":null}},"type":"if","locations":[{"start":{"line":73,"column":4},"end":{"line":82,"column":null}},{"start":{},"end":{}}],"line":73},"3":{"loc":{"start":{"line":74,"column":6},"end":{"line":75,"column":null}},"type":"binary-expr","locations":[{"start":{"line":74,"column":6},"end":{"line":74,"column":null}},{"start":{"line":75,"column":9},"end":{"line":75,"column":null}}],"line":74},"4":{"loc":{"start":{"line":91,"column":4},"end":{"line":97,"column":null}},"type":"if","locations":[{"start":{"line":91,"column":4},"end":{"line":97,"column":null}},{"start":{},"end":{}}],"line":91}},"s":{"0":1,"1":4,"2":4,"3":4,"4":4,"5":4,"6":4,"7":4,"8":1,"9":1,"10":3,"11":1,"12":1,"13":2,"14":2,"15":1,"16":1,"17":1,"18":1,"19":1,"20":1,"21":1,"22":1,"23":1,"24":1,"25":1,"26":1,"27":1,"28":1,"29":1},"f":{"0":4},"b":{"0":[1,3],"1":[4,4],"2":[1,2],"3":[3,3],"4":[1,1]},"meta":{"lastBranch":5,"lastFunction":1,"lastStatement":30,"seen":{"s:44:19:44:21":0,"f:46:34:46:39":0,"s:47:2:168:Infinity":1,"s:52:8:52:29":2,"s:56:8:56:29":3,"s:58:4:58:Infinity":4,"s:59:4:59:Infinity":5,"s:60:4:60:Infinity":6,"b:62:4:71:Infinity:undefined:undefined:undefined:undefined":0,"s:62:4:71:Infinity":7,"b:63:6:63:Infinity:64:9:64:Infinity":1,"s:66:5:66:Infinity":8,"s:68:6:70:Infinity":9,"b:73:4:82:Infinity:undefined:undefined:undefined:undefined":2,"s:73:4:82:Infinity":10,"b:74:6:74:Infinity:75:9:75:Infinity":3,"s:77:5:77:Infinity":11,"s:79:6:81:Infinity":12,"s:86:8:89:5":13,"b:91:4:97:Infinity:undefined:undefined:undefined:undefined":4,"s:91:4:97:Infinity":14,"s:92:5:92:Infinity":15,"s:94:6:96:Infinity":16,"s:99:17:99:49":17,"s:100:28:100:63":18,"s:104:8:114:5":19,"s:116:25:116:48":20,"s:118:25:118:34":21,"s:119:33:119:80":22,"s:121:41:126:5":23,"s:128:4:131:Infinity":24,"s:133:4:138:Infinity":25,"s:140:4:147:Infinity":26,"s:149:3:158:Infinity":27,"s:160:3:160:Infinity":28,"s:162:4:164:Infinity":29}}}
,"/home/dalamkan/utg/nuxt-4-boilerplate-2026-02-27/server/routes/a/user.get.js": {"path":"/home/dalamkan/utg/nuxt-4-boilerplate-2026-02-27/server/routes/a/user.get.js","statementMap":{"0":{"start":{"line":22,"column":2},"end":{"line":41,"column":null}},"1":{"start":{"line":23,"column":17},"end":{"line":23,"column":56}},"2":{"start":{"line":25,"column":4},"end":{"line":31,"column":null}},"3":{"start":{"line":26,"column":5},"end":{"line":26,"column":null}},"4":{"start":{"line":28,"column":6},"end":{"line":30,"column":null}},"5":{"start":{"line":33,"column":3},"end":{"line":33,"column":null}},"6":{"start":{"line":35,"column":4},"end":{"line":37,"column":null}}},"fnMap":{"0":{"name":"(anonymous_0)","decl":{"start":{"line":21,"column":34},"end":{"line":21,"column":39}},"loc":{"start":{"line":21,"column":51},"end":{"line":42,"column":1}},"line":21}},"branchMap":{"0":{"loc":{"start":{"line":25,"column":4},"end":{"line":31,"column":null}},"type":"if","locations":[{"start":{"line":25,"column":4},"end":{"line":31,"column":null}},{"start":{},"end":{}}],"line":25}},"s":{"0":2,"1":2,"2":2,"3":1,"4":1,"5":1,"6":1},"f":{"0":2},"b":{"0":[1,1]},"meta":{"lastBranch":1,"lastFunction":1,"lastStatement":7,"seen":{"f:21:34:21:39":0,"s:22:2:41:Infinity":0,"s:23:17:23:56":1,"b:25:4:31:Infinity:undefined:undefined:undefined:undefined":0,"s:25:4:31:Infinity":2,"s:26:5:26:Infinity":3,"s:28:6:30:Infinity":4,"s:33:3:33:Infinity":5,"s:35:4:37:Infinity":6}}}
,"/home/dalamkan/utg/nuxt-4-boilerplate-2026-02-27/server/routes/a/verify-token-to-reset-password/[token_to_reset_password].get.js": {"path":"/home/dalamkan/utg/nuxt-4-boilerplate-2026-02-27/server/routes/a/verify-token-to-reset-password/[token_to_reset_password].get.js","statementMap":{"0":{"start":{"line":35,"column":38},"end":{"line":40,"column":10}},"1":{"start":{"line":35,"column":44},"end":{"line":40,"column":10}},"2":{"start":{"line":43,"column":2},"end":{"line":91,"column":null}},"3":{"start":{"line":44,"column":18},"end":{"line":44,"column":72}},"4":{"start":{"line":46,"column":4},"end":{"line":52,"column":null}},"5":{"start":{"line":47,"column":5},"end":{"line":47,"column":null}},"6":{"start":{"line":49,"column":6},"end":{"line":51,"column":null}},"7":{"start":{"line":56,"column":8},"end":{"line":66,"column":5}},"8":{"start":{"line":68,"column":4},"end":{"line":74,"column":null}},"9":{"start":{"line":69,"column":5},"end":{"line":69,"column":null}},"10":{"start":{"line":71,"column":6},"end":{"line":73,"column":null}},"11":{"start":{"line":78,"column":8},"end":{"line":81,"column":5}},"12":{"start":{"line":83,"column":3},"end":{"line":83,"column":null}},"13":{"start":{"line":85,"column":4},"end":{"line":87,"column":null}}},"fnMap":{"0":{"name":"(anonymous_0)","decl":{"start":{"line":35,"column":38},"end":{"line":35,"column":39}},"loc":{"start":{"line":35,"column":44},"end":{"line":40,"column":10}},"line":35},"1":{"name":"(anonymous_1)","decl":{"start":{"line":42,"column":34},"end":{"line":42,"column":39}},"loc":{"start":{"line":42,"column":51},"end":{"line":92,"column":1}},"line":42}},"branchMap":{"0":{"loc":{"start":{"line":46,"column":4},"end":{"line":52,"column":null}},"type":"if","locations":[{"start":{"line":46,"column":4},"end":{"line":52,"column":null}},{"start":{},"end":{}}],"line":46},"1":{"loc":{"start":{"line":46,"column":8},"end":{"line":46,"column":38}},"type":"binary-expr","locations":[{"start":{"line":46,"column":8},"end":{"line":46,"column":14}},{"start":{"line":46,"column":18},"end":{"line":46,"column":38}}],"line":46},"2":{"loc":{"start":{"line":68,"column":4},"end":{"line":74,"column":null}},"type":"if","locations":[{"start":{"line":68,"column":4},"end":{"line":74,"column":null}},{"start":{},"end":{}}],"line":68}},"s":{"0":1,"1":2,"2":3,"3":3,"4":3,"5":1,"6":1,"7":2,"8":2,"9":1,"10":1,"11":1,"12":1,"13":1},"f":{"0":2,"1":3},"b":{"0":[1,2],"1":[3,3],"2":[1,1]},"meta":{"lastBranch":3,"lastFunction":2,"lastStatement":14,"seen":{"s:35:38:40:10":0,"f:35:38:35:39":0,"s:35:44:40:10":1,"f:42:34:42:39":1,"s:43:2:91:Infinity":2,"s:44:18:44:72":3,"b:46:4:52:Infinity:undefined:undefined:undefined:undefined":0,"s:46:4:52:Infinity":4,"b:46:8:46:14:46:18:46:38":1,"s:47:5:47:Infinity":5,"s:49:6:51:Infinity":6,"s:56:8:66:5":7,"b:68:4:74:Infinity:undefined:undefined:undefined:undefined":2,"s:68:4:74:Infinity":8,"s:69:5:69:Infinity":9,"s:71:6:73:Infinity":10,"s:78:8:81:5":11,"s:83:3:83:Infinity":12,"s:85:4:87:Infinity":13}}}
,"/home/dalamkan/utg/nuxt-4-boilerplate-2026-02-27/server/routes/a/verify-token-to-validate-email/[token_to_validate_email].get.js": {"path":"/home/dalamkan/utg/nuxt-4-boilerplate-2026-02-27/server/routes/a/verify-token-to-validate-email/[token_to_validate_email].get.js","statementMap":{"0":{"start":{"line":35,"column":38},"end":{"line":40,"column":10}},"1":{"start":{"line":35,"column":44},"end":{"line":40,"column":10}},"2":{"start":{"line":43,"column":2},"end":{"line":91,"column":null}},"3":{"start":{"line":44,"column":18},"end":{"line":44,"column":72}},"4":{"start":{"line":46,"column":4},"end":{"line":52,"column":null}},"5":{"start":{"line":47,"column":5},"end":{"line":47,"column":null}},"6":{"start":{"line":49,"column":6},"end":{"line":51,"column":null}},"7":{"start":{"line":56,"column":8},"end":{"line":66,"column":5}},"8":{"start":{"line":68,"column":4},"end":{"line":74,"column":null}},"9":{"start":{"line":69,"column":5},"end":{"line":69,"column":null}},"10":{"start":{"line":71,"column":6},"end":{"line":73,"column":null}},"11":{"start":{"line":78,"column":8},"end":{"line":81,"column":5}},"12":{"start":{"line":83,"column":3},"end":{"line":83,"column":null}},"13":{"start":{"line":85,"column":4},"end":{"line":87,"column":null}}},"fnMap":{"0":{"name":"(anonymous_0)","decl":{"start":{"line":35,"column":38},"end":{"line":35,"column":39}},"loc":{"start":{"line":35,"column":44},"end":{"line":40,"column":10}},"line":35},"1":{"name":"(anonymous_1)","decl":{"start":{"line":42,"column":34},"end":{"line":42,"column":39}},"loc":{"start":{"line":42,"column":51},"end":{"line":92,"column":1}},"line":42}},"branchMap":{"0":{"loc":{"start":{"line":46,"column":4},"end":{"line":52,"column":null}},"type":"if","locations":[{"start":{"line":46,"column":4},"end":{"line":52,"column":null}},{"start":{},"end":{}}],"line":46},"1":{"loc":{"start":{"line":46,"column":8},"end":{"line":46,"column":38}},"type":"binary-expr","locations":[{"start":{"line":46,"column":8},"end":{"line":46,"column":14}},{"start":{"line":46,"column":18},"end":{"line":46,"column":38}}],"line":46},"2":{"loc":{"start":{"line":68,"column":4},"end":{"line":74,"column":null}},"type":"if","locations":[{"start":{"line":68,"column":4},"end":{"line":74,"column":null}},{"start":{},"end":{}}],"line":68}},"s":{"0":1,"1":2,"2":3,"3":3,"4":3,"5":1,"6":1,"7":2,"8":2,"9":1,"10":1,"11":1,"12":1,"13":1},"f":{"0":2,"1":3},"b":{"0":[1,2],"1":[3,3],"2":[1,1]},"meta":{"lastBranch":3,"lastFunction":2,"lastStatement":14,"seen":{"s:35:38:40:10":0,"f:35:38:35:39":0,"s:35:44:40:10":1,"f:42:34:42:39":1,"s:43:2:91:Infinity":2,"s:44:18:44:72":3,"b:46:4:52:Infinity:undefined:undefined:undefined:undefined":0,"s:46:4:52:Infinity":4,"b:46:8:46:14:46:18:46:38":1,"s:47:5:47:Infinity":5,"s:49:6:51:Infinity":6,"s:56:8:66:5":7,"b:68:4:74:Infinity:undefined:undefined:undefined:undefined":2,"s:68:4:74:Infinity":8,"s:69:5:69:Infinity":9,"s:71:6:73:Infinity":10,"s:78:8:81:5":11,"s:83:3:83:Infinity":12,"s:85:4:87:Infinity":13}}}
,"/home/dalamkan/utg/nuxt-4-boilerplate-2026-02-27/server/routes/monitoring/ping.get.js": {"path":"/home/dalamkan/utg/nuxt-4-boilerplate-2026-02-27/server/routes/monitoring/ping.get.js","statementMap":{"0":{"start":{"line":21,"column":2},"end":{"line":35,"column":null}},"1":{"start":{"line":24,"column":8},"end":{"line":24,"column":61}},"2":{"start":{"line":26,"column":3},"end":{"line":26,"column":null}},"3":{"start":{"line":28,"column":4},"end":{"line":31,"column":null}}},"fnMap":{"0":{"name":"(anonymous_0)","decl":{"start":{"line":20,"column":34},"end":{"line":20,"column":39}},"loc":{"start":{"line":20,"column":51},"end":{"line":36,"column":1}},"line":20}},"branchMap":{},"s":{"0":1,"1":1,"2":1,"3":1},"f":{"0":1},"b":{},"meta":{"lastBranch":0,"lastFunction":1,"lastStatement":4,"seen":{"f:20:34:20:39":0,"s:21:2:35:Infinity":0,"s:24:8:24:61":1,"s:26:3:26:Infinity":2,"s:28:4:31:Infinity":3}}}
,"/home/dalamkan/utg/nuxt-4-boilerplate-2026-02-27/server/routes/monitoring/save-log.post.js": {"path":"/home/dalamkan/utg/nuxt-4-boilerplate-2026-02-27/server/routes/monitoring/save-log.post.js","statementMap":{"0":{"start":{"line":22,"column":2},"end":{"line":38,"column":null}},"1":{"start":{"line":25,"column":8},"end":{"line":25,"column":29}},"2":{"start":{"line":27,"column":4},"end":{"line":30,"column":null}},"3":{"start":{"line":32,"column":3},"end":{"line":32,"column":null}},"4":{"start":{"line":34,"column":4},"end":{"line":34,"column":null}}},"fnMap":{"0":{"name":"(anonymous_0)","decl":{"start":{"line":21,"column":34},"end":{"line":21,"column":39}},"loc":{"start":{"line":21,"column":51},"end":{"line":39,"column":1}},"line":21}},"branchMap":{},"s":{"0":1,"1":1,"2":1,"3":1,"4":1},"f":{"0":1},"b":{},"meta":{"lastBranch":0,"lastFunction":1,"lastStatement":5,"seen":{"f:21:34:21:39":0,"s:22:2:38:Infinity":0,"s:25:8:25:29":1,"s:27:4:30:Infinity":2,"s:32:3:32:Infinity":3,"s:34:4:34:Infinity":4}}}
}
